<?xml version="1.0" encoding="UTF-8"?>
<!-- Generated by org.testng.reporters.JUnitReportReporter -->
<testsuite skipped="0" hostname="LAPTOP-PHSRI9H9" name="TestVagrant.WeatherReportingComparator.TC_001_CompareWeather" tests="1" failures="0" timestamp="28 Jun 2020 17:47:16 GMT" time="11.299" errors="0">
  <testcase name="CheckWeather" time="11.299" classname="TestVagrant.WeatherReportingComparator.TC_001_CompareWeather"/>
</testsuite> <!-- TestVagrant.WeatherReportingComparator.TC_001_CompareWeather -->
