<?xml version="1.0" encoding="UTF-8"?>
<!-- Generated by org.testng.reporters.JUnitReportReporter -->
<testsuite skipped="0" hostname="LAPTOP-PHSRI9H9" name="TestVagrant.WeatherReportingComparator.TC_001_CompareWeather" tests="1" failures="0" timestamp="27 Jun 2020 08:55:26 GMT" time="5.497" errors="0">
  <testcase name="CheckWeather" time="5.497" classname="TestVagrant.WeatherReportingComparator.TC_001_CompareWeather"/>
</testsuite> <!-- TestVagrant.WeatherReportingComparator.TC_001_CompareWeather -->
